The system is: Windows - 10.0.19042 - AMD64
Compiling the C compiler identification source file "CMakeCCompilerId.c" succeeded.
Compiler:  
Build flags: ;-nologo;-MD;-Brepro
Id flags:  

The output was:
0
Microsoft (R) Build Engine version 16.9.0+57a23d249 for .NET Framework
Copyright (C) Microsoft Corporation. All rights reserved.

Build started 5/30/2021 8:03:37 PM.
Project "C:\Users\jdk91\Desktop\learn_opengl\target\debug\build\freetype-sys-cc05867a6b199334\out\build\CMakeFiles\3.20.2\CompilerIdC\CompilerIdC.vcxproj" on node 1 (default targets).
PrepareForBuild:
  Creating directory "Debug\".
  Creating directory "Debug\CompilerIdC.tlog\".
InitializeBuildStatus:
  Creating "Debug\CompilerIdC.tlog\unsuccessfulbuild" because "AlwaysCreate" was specified.
VcpkgTripletSelection:
  Using triplet "x64-windows" from "C:\Users\jdk91\vcpkg\scripts\buildsystems\msbuild\..\..\..\installed\x64-windows\"
ClCompile:
  C:\Program Files (x86)\Microsoft Visual Studio\2019\Community\VC\Tools\MSVC\14.28.29910\bin\HostX64\x64\CL.exe /c /I"C:\Users\jdk91\vcpkg\scripts\buildsystems\msbuild\..\..\..\installed\x64-windows\include" /nologo /W0 /WX- /diagnostics:column /Od /D _MBCS /Gm- /EHsc /RTC1 /MDd /GS /fp:precise /Zc:wchar_t /Zc:forScope /Zc:inline /Fo"Debug\\" /Fd"Debug\vc142.pdb" /Gd /TC /FC /errorReport:queue CMakeCCompilerId.c
  CMakeCCompilerId.c
Link:
  C:\Program Files (x86)\Microsoft Visual Studio\2019\Community\VC\Tools\MSVC\14.28.29910\bin\HostX64\x64\link.exe /ERRORREPORT:QUEUE /OUT:".\CompilerIdC.exe" /INCREMENTAL:NO /NOLOGO /LIBPATH:"C:\Users\jdk91\vcpkg\scripts\buildsystems\msbuild\..\..\..\installed\x64-windows\debug\lib" /LIBPATH:"C:\Users\jdk91\vcpkg\scripts\buildsystems\msbuild\..\..\..\installed\x64-windows\debug\lib\manual-link" kernel32.lib user32.lib gdi32.lib winspool.lib comdlg32.lib advapi32.lib shell32.lib ole32.lib oleaut32.lib uuid.lib odbc32.lib odbccp32.lib "C:\Users\jdk91\vcpkg\scripts\buildsystems\msbuild\..\..\..\installed\x64-windows\debug\lib\*.lib" /MANIFEST /MANIFESTUAC:"level='asInvoker' uiAccess='false'" /manifest:embed /PDB:".\CompilerIdC.pdb" /SUBSYSTEM:CONSOLE /TLBID:1 /DYNAMICBASE /NXCOMPAT /IMPLIB:".\CompilerIdC.lib" /MACHINE:X64 Debug\CMakeCCompilerId.obj
  CompilerIdC.vcxproj -> C:\Users\jdk91\Desktop\learn_opengl\target\debug\build\freetype-sys-cc05867a6b199334\out\build\CMakeFiles\3.20.2\CompilerIdC\CompilerIdC.exe
AppLocalFromInstalled:
  pwsh.exe -ExecutionPolicy Bypass -noprofile -File "C:\Users\jdk91\vcpkg\scripts\buildsystems\msbuild\applocal.ps1" "C:\Users\jdk91\Desktop\learn_opengl\target\debug\build\freetype-sys-cc05867a6b199334\out\build\CMakeFiles\3.20.2\CompilerIdC\CompilerIdC.exe" "C:\Users\jdk91\vcpkg\scripts\buildsystems\msbuild\..\..\..\installed\x64-windows\debug\bin" "Debug\CompilerIdC.tlog\CompilerIdC.write.1u.tlog" "Debug\vcpkg.applocal.log"
  'pwsh.exe' is not recognized as an internal or external command,
  operable program or batch file.
  The command "pwsh.exe -ExecutionPolicy Bypass -noprofile -File "C:\Users\jdk91\vcpkg\scripts\buildsystems\msbuild\applocal.ps1" "C:\Users\jdk91\Desktop\learn_opengl\target\debug\build\freetype-sys-cc05867a6b199334\out\build\CMakeFiles\3.20.2\CompilerIdC\CompilerIdC.exe" "C:\Users\jdk91\vcpkg\scripts\buildsystems\msbuild\..\..\..\installed\x64-windows\debug\bin" "Debug\CompilerIdC.tlog\CompilerIdC.write.1u.tlog" "Debug\vcpkg.applocal.log"" exited with code 9009.
  "C:\Windows\System32\WindowsPowerShell\v1.0\powershell.exe" -ExecutionPolicy Bypass -noprofile -File "C:\Users\jdk91\vcpkg\scripts\buildsystems\msbuild\applocal.ps1" "C:\Users\jdk91\Desktop\learn_opengl\target\debug\build\freetype-sys-cc05867a6b199334\out\build\CMakeFiles\3.20.2\CompilerIdC\CompilerIdC.exe" "C:\Users\jdk91\vcpkg\scripts\buildsystems\msbuild\..\..\..\installed\x64-windows\debug\bin" "Debug\CompilerIdC.tlog\CompilerIdC.write.1u.tlog" "Debug\vcpkg.applocal.log"
PostBuildEvent:
  for %%i in (cl.exe) do @echo CMAKE_C_COMPILER=%%~$PATH:i
  :VCEnd
  CMAKE_C_COMPILER=C:\Program Files (x86)\Microsoft Visual Studio\2019\Community\VC\Tools\MSVC\14.28.29910\bin\Hostx64\x64\cl.exe
FinalizeBuildStatus:
  Deleting file "Debug\CompilerIdC.tlog\unsuccessfulbuild".
  Touching "Debug\CompilerIdC.tlog\CompilerIdC.lastbuildstate".
Done Building Project "C:\Users\jdk91\Desktop\learn_opengl\target\debug\build\freetype-sys-cc05867a6b199334\out\build\CMakeFiles\3.20.2\CompilerIdC\CompilerIdC.vcxproj" (default targets).

Build succeeded.
    0 Warning(s)
    0 Error(s)

Time Elapsed 00:00:01.32


Compilation of the C compiler identification source "CMakeCCompilerId.c" produced "CompilerIdC.exe"

Compilation of the C compiler identification source "CMakeCCompilerId.c" produced "CompilerIdC.vcxproj"

The C compiler identification is MSVC, found in "C:/Users/jdk91/Desktop/learn_opengl/target/debug/build/freetype-sys-cc05867a6b199334/out/build/CMakeFiles/3.20.2/CompilerIdC/CompilerIdC.exe"

Detecting C compiler ABI info compiled with the following output:
Change Dir: C:/Users/jdk91/Desktop/learn_opengl/target/debug/build/freetype-sys-cc05867a6b199334/out/build/CMakeFiles/CMakeTmp

Run Build Command(s):C:/Program Files (x86)/Microsoft Visual Studio/2019/Community/MSBuild/Current/Bin/MSBuild.exe cmTC_db903.vcxproj /p:Configuration=Debug /p:Platform=x64 /p:VisualStudioVersion=16.0 /v:m && Microsoft (R) Build Engine version 16.9.0+57a23d249 for .NET Framework
Copyright (C) Microsoft Corporation. All rights reserved.

  CMakeCCompilerABI.c
  cmTC_db903.vcxproj -> C:\Users\jdk91\Desktop\learn_opengl\target\debug\build\freetype-sys-cc05867a6b199334\out\build\CMakeFiles\CMakeTmp\Debug\cmTC_db903.exe



